<?xml version="1.0" encoding="UTF-8"?>
<testng-results ignored="0" total="1" passed="1" failed="0" skipped="0">
  <reporter-output>
  </reporter-output>
  <suite started-at="2023-11-28T20:38:23 PST" name="Default suite" finished-at="2023-11-28T20:38:31 PST" duration-ms="7983">
    <groups>
    </groups>
    <test started-at="2023-11-28T20:38:23 PST" name="Default test" finished-at="2023-11-28T20:38:31 PST" duration-ms="7983">
      <class name="test.LoginValidation">
        <test-method is-config="true" signature="BrowserInit()[pri:0, instance:test.LoginValidation@2a265ea9]" started-at="2023-11-28T20:38:06 PST" name="BrowserInit" finished-at="2023-11-28T20:38:23 PST" duration-ms="17435" status="PASS">
          <reporter-output>
          </reporter-output>
        </test-method> <!-- BrowserInit -->
        <test-method is-config="true" signature="WebPageClassObjects()[pri:0, instance:test.LoginValidation@2a265ea9]" started-at="2023-11-28T20:38:23 PST" name="WebPageClassObjects" finished-at="2023-11-28T20:38:23 PST" duration-ms="89" status="PASS">
          <reporter-output>
          </reporter-output>
        </test-method> <!-- WebPageClassObjects -->
        <test-method signature="ValidateCredentials()[pri:1, instance:test.LoginValidation@2a265ea9]" started-at="2023-11-28T20:38:23 PST" name="ValidateCredentials" finished-at="2023-11-28T20:38:31 PST" duration-ms="7792" status="PASS">
          <reporter-output>
          </reporter-output>
        </test-method> <!-- ValidateCredentials -->
        <test-method is-config="true" signature="TearDownEnv()[pri:0, instance:test.LoginValidation@2a265ea9]" started-at="2023-11-28T20:38:31 PST" name="TearDownEnv" finished-at="2023-11-28T20:38:32 PST" duration-ms="917" status="PASS">
          <reporter-output>
          </reporter-output>
        </test-method> <!-- TearDownEnv -->
      </class> <!-- test.LoginValidation -->
    </test> <!-- Default test -->
  </suite> <!-- Default suite -->
</testng-results>
